<?xml version="1.0" encoding="UTF-8"?>
<testng-results skipped="0" failed="0" total="0" passed="0">
  <reporter-output>
  </reporter-output>
  <suite name="AuctionWebTest" duration-ms="8" started-at="2016-07-01T09:51:44Z" finished-at="2016-07-01T09:51:44Z">
    <groups>
    </groups>
    <test name="AuctionWebTest_googlechrome" duration-ms="8" started-at="2016-07-01T09:51:44Z" finished-at="2016-07-01T09:51:44Z">
      <class name="com.framework.webdriver.testcase.InitWebdriverTest">
        <test-method status="PASS" signature="beforeTestSuite(java.lang.String, java.lang.String, java.lang.String)[pri:0, instance:com.framework.webdriver.testcase.InitWebdriverTest@1464cc1a]" name="beforeTestSuite" is-config="true" duration-ms="4473" started-at="2016-07-01T17:51:40Z" finished-at="2016-07-01T17:51:44Z">
          <params>
            <param index="0">
              <value>
                <![CDATA[googlechrome]]>
              </value>
            </param>
            <param index="1">
              <value>
                <![CDATA[C:/Program Files (x86)/Google/Chrome/Application/chrome.exe]]>
              </value>
            </param>
            <param index="2">
              <value>
                <![CDATA[http://10.10.13.17:9090/view/index.html]]>
              </value>
            </param>
          </params>
          <reporter-output>
          </reporter-output>
        </test-method> <!-- beforeTestSuite -->
        <test-method status="PASS" signature="afterTestSuite()[pri:0, instance:com.framework.webdriver.testcase.InitWebdriverTest@1464cc1a]" name="afterTestSuite" is-config="true" duration-ms="1496" started-at="2016-07-01T17:51:45Z" finished-at="2016-07-01T17:51:46Z">
          <reporter-output>
          </reporter-output>
        </test-method> <!-- afterTestSuite -->
      </class> <!-- com.framework.webdriver.testcase.InitWebdriverTest -->
    </test> <!-- AuctionWebTest_googlechrome -->
  </suite> <!-- AuctionWebTest -->
</testng-results>
