<?xml version="1.0" encoding="UTF-8"?>
<testng-results skipped="0" failed="0" total="2" passed="2">
  <reporter-output>
  </reporter-output>
  <suite name="HttpTestUtil" duration-ms="1154" started-at="2016-07-22T01:35:32Z" finished-at="2016-07-22T01:35:33Z">
    <groups>
      <group name="LoginActionTest">
        <method signature="LoginActionTest.indexPage()[pri:0, instance:com.kernel.testcase.LoginActionTest@24cd504e]" name="indexPage" class="com.kernel.testcase.LoginActionTest"/>
        <method signature="LoginActionTest.testLogin()[pri:0, instance:com.kernel.testcase.LoginActionTest@24cd504e]" name="testLogin" class="com.kernel.testcase.LoginActionTest"/>
      </group> <!-- LoginActionTest -->
    </groups>
    <test name="HttpTestUtil" duration-ms="1154" started-at="2016-07-22T01:35:32Z" finished-at="2016-07-22T01:35:33Z">
      <class name="com.kernel.testcase.LoginActionTest">
        <test-method status="PASS" signature="beforeClassTest()[pri:0, instance:com.kernel.testcase.LoginActionTest@24cd504e]" name="beforeClassTest" is-config="true" duration-ms="32" started-at="2016-07-22T09:35:32Z" finished-at="2016-07-22T09:35:32Z">
          <reporter-output>
          </reporter-output>
        </test-method> <!-- beforeClassTest -->
        <test-method status="PASS" signature="indexPage()[pri:0, instance:com.kernel.testcase.LoginActionTest@24cd504e]" name="indexPage" duration-ms="815" started-at="2016-07-22T09:35:32Z" description="´ò¿ªÊ×Ò³" finished-at="2016-07-22T09:35:33Z">
          <reporter-output>
          </reporter-output>
        </test-method> <!-- indexPage -->
        <test-method status="PASS" signature="testLogin()[pri:0, instance:com.kernel.testcase.LoginActionTest@24cd504e]" name="testLogin" duration-ms="287" started-at="2016-07-22T09:35:33Z" description="µÇÂ¼²âÊÔ" depends-on-methods="com.kernel.testcase.LoginActionTest.indexPage" finished-at="2016-07-22T09:35:33Z">
          <reporter-output>
          </reporter-output>
        </test-method> <!-- testLogin -->
        <test-method status="PASS" signature="afterClassTest()[pri:0, instance:com.kernel.testcase.LoginActionTest@24cd504e]" name="afterClassTest" is-config="true" duration-ms="1" started-at="2016-07-22T09:35:33Z" finished-at="2016-07-22T09:35:33Z">
          <reporter-output>
          </reporter-output>
        </test-method> <!-- afterClassTest -->
      </class> <!-- com.kernel.testcase.LoginActionTest -->
    </test> <!-- HttpTestUtil -->
  </suite> <!-- HttpTestUtil -->
</testng-results>
